-------------------------------------------------------------------------------
Test set: edu.capella.bsit.updated_library_with_tests.LibraryTest
-------------------------------------------------------------------------------
Tests run: 1, Failures: 1, Errors: 0, Skipped: 0, Time elapsed: 0.045 s <<< FAILURE! - in edu.capella.bsit.updated_library_with_tests.LibraryTest
testDescribeBooksByAuthorExists  Time elapsed: 0.037 s  <<< FAILURE!
org.opentest4j.AssertionFailedError: expected: <2> but was: <0>
	at edu.capella.bsit.updated_library_with_tests.LibraryTest.testDescribeBooksByAuthorExists(LibraryTest.java:34)

